This is pdfTeX, Version 3.141592653-2.6-1.40.29 (TeX Live 2026) (preloaded format=pdflatex 2026.4.6)  13 APR 2026 23:11
entering extended mode
 restricted \write18 enabled.
 %&-line parsing enabled.
**final_project.tex
(./final_project.tex
LaTeX2e <2025-11-01>
L3 programming layer <2026-03-20>
(c:/Users/vlad7/AppData/Roaming/TinyTeX/texmf-dist/tex/latex/base/article.cls
Document Class: article 2025/01/22 v1.4n Standard LaTeX document class
(c:/Users/vlad7/AppData/Roaming/TinyTeX/texmf-dist/tex/latex/base/size11.clo
File: size11.clo 2025/01/22 v1.4n Standard LaTeX file (size option)
)
\c@part=\count275
\c@section=\count276
\c@subsection=\count277
\c@subsubsection=\count278
\c@paragraph=\count279
\c@subparagraph=\count280
\c@figure=\count281
\c@table=\count282
\abovecaptionskip=\skip49
\belowcaptionskip=\skip50
\bibindent=\dimen150
) (c:/Users/vlad7/AppData/Roaming/TinyTeX/texmf-dist/tex/latex/xcolor/xcolor.sty
Package: xcolor 2024/09/29 v3.02 LaTeX color extensions (UK)
(c:/Users/vlad7/AppData/Roaming/TinyTeX/texmf-dist/tex/latex/graphics-cfg/color.cfg
File: color.cfg 2016/01/02 v1.6 sample color configuration
)
Package xcolor Info: Driver file: pdftex.def on input line 274.
(c:/Users/vlad7/AppData/Roaming/TinyTeX/texmf-dist/tex/latex/graphics-def/pdftex.def
File: pdftex.def 2025/09/29 v1.2d Graphics/color driver for pdftex
) (c:/Users/vlad7/AppData/Roaming/TinyTeX/texmf-dist/tex/latex/graphics/mathcolor.ltx)
Package xcolor Info: Model `cmy' substituted by `cmy0' on input line 1349.
Package xcolor Info: Model `hsb' substituted by `rgb' on input line 1353.
Package xcolor Info: Model `RGB' extended on input line 1365.
Package xcolor Info: Model `HTML' substituted by `rgb' on input line 1367.
Package xcolor Info: Model `Hsb' substituted by `hsb' on input line 1368.
Package xcolor Info: Model `tHsb' substituted by `hsb' on input line 1369.
Package xcolor Info: Model `HSB' substituted by `hsb' on input line 1370.
Package xcolor Info: Model `Gray' substituted by `gray' on input line 1371.
Package xcolor Info: Model `wave' substituted by `hsb' on input line 1372.
) (c:/Users/vlad7/AppData/Roaming/TinyTeX/texmf-dist/tex/latex/geometry/geometry.sty
Package: geometry 2026/03/07 v6.0 Page Geometry
(c:/Users/vlad7/AppData/Roaming/TinyTeX/texmf-dist/tex/latex/graphics/keyval.sty
Package: keyval 2022/05/29 v1.15 key=value parser (DPC)
\KV@toks@=\toks17
) (c:/Users/vlad7/AppData/Roaming/TinyTeX/texmf-dist/tex/generic/iftex/ifvtex.sty
Package: ifvtex 2019/10/25 v1.7 ifvtex legacy package. Use iftex instead.
(c:/Users/vlad7/AppData/Roaming/TinyTeX/texmf-dist/tex/generic/iftex/iftex.sty
Package: iftex 2024/12/12 v1.0g TeX engine tests
))
\Gm@cnth=\count283
\Gm@cntv=\count284
\c@Gm@tempcnt=\count285
\Gm@bindingoffset=\dimen151
\Gm@wd@mp=\dimen152
\Gm@odd@mp=\dimen153
\Gm@even@mp=\dimen154
\Gm@layoutwidth=\dimen155
\Gm@layoutheight=\dimen156
\Gm@layouthoffset=\dimen157
\Gm@layoutvoffset=\dimen158
\Gm@dimlist=\toks18
) (c:/Users/vlad7/AppData/Roaming/TinyTeX/texmf-dist/tex/latex/amsmath/amsmath.sty
Package: amsmath 2025/07/09 v2.17z AMS math features
\@mathmargin=\skip51
For additional information on amsmath, use the `?' option.
(c:/Users/vlad7/AppData/Roaming/TinyTeX/texmf-dist/tex/latex/amsmath/amstext.sty
Package: amstext 2024/11/17 v2.01 AMS text
(c:/Users/vlad7/AppData/Roaming/TinyTeX/texmf-dist/tex/latex/amsmath/amsgen.sty
File: amsgen.sty 1999/11/30 v2.0 generic functions
\@emptytoks=\toks19
\ex@=\dimen159
)) (c:/Users/vlad7/AppData/Roaming/TinyTeX/texmf-dist/tex/latex/amsmath/amsbsy.sty
Package: amsbsy 1999/11/29 v1.2d Bold Symbols
\pmbraise@=\dimen160
) (c:/Users/vlad7/AppData/Roaming/TinyTeX/texmf-dist/tex/latex/amsmath/amsopn.sty
Package: amsopn 2022/04/08 v2.04 operator names
)
\inf@bad=\count286
LaTeX Info: Redefining \frac on input line 233.
\uproot@=\count287
\leftroot@=\count288
LaTeX Info: Redefining \overline on input line 398.
LaTeX Info: Redefining \colon on input line 409.
\classnum@=\count289
\DOTSCASE@=\count290
LaTeX Info: Redefining \ldots on input line 495.
LaTeX Info: Redefining \dots on input line 498.
LaTeX Info: Redefining \cdots on input line 619.
\Mathstrutbox@=\box53
\strutbox@=\box54
LaTeX Info: Redefining \big on input line 721.
LaTeX Info: Redefining \Big on input line 722.
LaTeX Info: Redefining \bigg on input line 723.
LaTeX Info: Redefining \Bigg on input line 724.
\big@size=\dimen161
LaTeX Font Info:    Redeclaring font encoding OML on input line 742.
LaTeX Font Info:    Redeclaring font encoding OMS on input line 743.
\macc@depth=\count291
LaTeX Info: Redefining \bmod on input line 904.
LaTeX Info: Redefining \pmod on input line 909.
LaTeX Info: Redefining \smash on input line 939.
LaTeX Info: Redefining \relbar on input line 969.
LaTeX Info: Redefining \Relbar on input line 970.
\c@MaxMatrixCols=\count292
\dotsspace@=\muskip17
\c@parentequation=\count293
\dspbrk@lvl=\count294
\tag@help=\toks20
\row@=\count295
\column@=\count296
\maxfields@=\count297
\andhelp@=\toks21
\eqnshift@=\dimen162
\alignsep@=\dimen163
\tagshift@=\dimen164
\tagwidth@=\dimen165
\totwidth@=\dimen166
\lineht@=\dimen167
\@envbody=\toks22
\multlinegap=\skip52
\multlinetaggap=\skip53
\mathdisplay@stack=\toks23
LaTeX Info: Redefining \[ on input line 2950.
LaTeX Info: Redefining \] on input line 2951.
) (c:/Users/vlad7/AppData/Roaming/TinyTeX/texmf-dist/tex/latex/amsfonts/amssymb.sty
Package: amssymb 2013/01/14 v3.01 AMS font symbols
(c:/Users/vlad7/AppData/Roaming/TinyTeX/texmf-dist/tex/latex/amsfonts/amsfonts.sty
Package: amsfonts 2013/01/14 v3.01 Basic AMSFonts support
\symAMSa=\mathgroup4
\symAMSb=\mathgroup5
LaTeX Font Info:    Redeclaring math symbol \hbar on input line 98.
LaTeX Font Info:    Overwriting math alphabet `\mathfrak' in version `bold'
(Font)                  U/euf/m/n --> U/euf/b/n on input line 106.
)) (c:/Users/vlad7/AppData/Roaming/TinyTeX/texmf-dist/tex/latex/base/fontenc.sty
Package: fontenc 2025/07/18 v2.1d Standard LaTeX package
) (c:/Users/vlad7/AppData/Roaming/TinyTeX/texmf-dist/tex/latex/base/inputenc.sty
Package: inputenc 2024/02/08 v1.3d Input encoding file
\inpenc@prehook=\toks24
\inpenc@posthook=\toks25
) (c:/Users/vlad7/AppData/Roaming/TinyTeX/texmf-dist/tex/latex/base/textcomp.sty
Package: textcomp 2024/04/24 v2.1b Standard LaTeX package
) (c:/Users/vlad7/AppData/Roaming/TinyTeX/texmf-dist/tex/latex/lm/lmodern.sty
Package: lmodern 2015/05/01 v1.6.1 Latin Modern Fonts
LaTeX Font Info:    Overwriting symbol font `operators' in version `normal'
(Font)                  OT1/cmr/m/n --> OT1/lmr/m/n on input line 22.
LaTeX Font Info:    Overwriting symbol font `letters' in version `normal'
(Font)                  OML/cmm/m/it --> OML/lmm/m/it on input line 23.
LaTeX Font Info:    Overwriting symbol font `symbols' in version `normal'
(Font)                  OMS/cmsy/m/n --> OMS/lmsy/m/n on input line 24.
LaTeX Font Info:    Overwriting symbol font `largesymbols' in version `normal'
(Font)                  OMX/cmex/m/n --> OMX/lmex/m/n on input line 25.
LaTeX Font Info:    Overwriting symbol font `operators' in version `bold'
(Font)                  OT1/cmr/bx/n --> OT1/lmr/bx/n on input line 26.
LaTeX Font Info:    Overwriting symbol font `letters' in version `bold'
(Font)                  OML/cmm/b/it --> OML/lmm/b/it on input line 27.
LaTeX Font Info:    Overwriting symbol font `symbols' in version `bold'
(Font)                  OMS/cmsy/b/n --> OMS/lmsy/b/n on input line 28.
LaTeX Font Info:    Overwriting symbol font `largesymbols' in version `bold'
(Font)                  OMX/cmex/m/n --> OMX/lmex/m/n on input line 29.
LaTeX Font Info:    Overwriting math alphabet `\mathbf' in version `normal'
(Font)                  OT1/cmr/bx/n --> OT1/lmr/bx/n on input line 31.
LaTeX Font Info:    Overwriting math alphabet `\mathsf' in version `normal'
(Font)                  OT1/cmss/m/n --> OT1/lmss/m/n on input line 32.
LaTeX Font Info:    Overwriting math alphabet `\mathit' in version `normal'
(Font)                  OT1/cmr/m/it --> OT1/lmr/m/it on input line 33.
LaTeX Font Info:    Overwriting math alphabet `\mathtt' in version `normal'
(Font)                  OT1/cmtt/m/n --> OT1/lmtt/m/n on input line 34.
LaTeX Font Info:    Overwriting math alphabet `\mathbf' in version `bold'
(Font)                  OT1/cmr/bx/n --> OT1/lmr/bx/n on input line 35.
LaTeX Font Info:    Overwriting math alphabet `\mathsf' in version `bold'
(Font)                  OT1/cmss/bx/n --> OT1/lmss/bx/n on input line 36.
LaTeX Font Info:    Overwriting math alphabet `\mathit' in version `bold'
(Font)                  OT1/cmr/bx/it --> OT1/lmr/bx/it on input line 37.
LaTeX Font Info:    Overwriting math alphabet `\mathtt' in version `bold'
(Font)                  OT1/cmtt/m/n --> OT1/lmtt/m/n on input line 38.
) (c:/Users/vlad7/AppData/Roaming/TinyTeX/texmf-dist/tex/latex/tools/longtable.sty
Package: longtable 2025-10-13 v4.24 Multi-page Table package (DPC)
\LTleft=\skip54
\LTright=\skip55
\LTpre=\skip56
\LTpost=\skip57
\LTchunksize=\count298
\LTcapwidth=\dimen168
\LT@head=\box55
\LT@firsthead=\box56
\LT@foot=\box57
\LT@lastfoot=\box58
\LT@gbox=\box59
\LT@cols=\count299
\LT@rows=\count300
\c@LT@tables=\count301
\c@LT@chunks=\count302
\LT@p@ftn=\toks26
) (c:/Users/vlad7/AppData/Roaming/TinyTeX/texmf-dist/tex/latex/booktabs/booktabs.sty
Package: booktabs 2020/01/12 v1.61803398 Publication quality tables
\heavyrulewidth=\dimen169
\lightrulewidth=\dimen170
\cmidrulewidth=\dimen171
\belowrulesep=\dimen172
\belowbottomsep=\dimen173
\aboverulesep=\dimen174
\abovetopsep=\dimen175
\cmidrulesep=\dimen176
\cmidrulekern=\dimen177
\defaultaddspace=\dimen178
\@cmidla=\count303
\@cmidlb=\count304
\@aboverulesep=\dimen179
\@belowrulesep=\dimen180
\@thisruleclass=\count305
\@lastruleclass=\count306
\@thisrulewidth=\dimen181
) (c:/Users/vlad7/AppData/Roaming/TinyTeX/texmf-dist/tex/latex/tools/array.sty
Package: array 2025/09/25 v2.6n Tabular extension package (FMi)
\col@sep=\dimen182
\ar@mcellbox=\box60
\extrarowheight=\dimen183
\NC@list=\toks27
\extratabsurround=\skip58
\backup@length=\skip59
\ar@cellbox=\box61
) (c:/Users/vlad7/AppData/Roaming/TinyTeX/texmf-dist/tex/latex/tools/calc.sty
Package: calc 2025/03/01 v4.3b Infix arithmetic (KKT,FJ)
\calc@Acount=\count307
\calc@Bcount=\count308
\calc@Adimen=\dimen184
\calc@Bdimen=\dimen185
\calc@Askip=\skip60
\calc@Bskip=\skip61
LaTeX Info: Redefining \setlength on input line 86.
LaTeX Info: Redefining \addtolength on input line 87.
\calc@Ccount=\count309
\calc@Cskip=\skip62
) (c:/Users/vlad7/AppData/Roaming/TinyTeX/texmf-dist/tex/latex/etoolbox/etoolbox.sty
Package: etoolbox 2025/10/02 v2.5m e-TeX tools for LaTeX (JAW)
\etb@tempcnta=\count310
) (c:/Users/vlad7/AppData/Roaming/TinyTeX/texmf-dist/tex/latex/mdwtools/footnote.sty
Package: footnote 1997/01/28 1.13 Save footnotes around boxes
\fn@notes=\box62
\fn@width=\dimen186
) (c:/Users/vlad7/AppData/Roaming/TinyTeX/texmf-dist/tex/latex/graphics/graphicx.sty
Package: graphicx 2024/12/31 v1.2e Enhanced LaTeX Graphics (DPC,SPQR)
(c:/Users/vlad7/AppData/Roaming/TinyTeX/texmf-dist/tex/latex/graphics/graphics.sty
Package: graphics 2024/08/06 v1.4g Standard LaTeX Graphics (DPC,SPQR)
(c:/Users/vlad7/AppData/Roaming/TinyTeX/texmf-dist/tex/latex/graphics/trig.sty
Package: trig 2023/12/02 v1.11 sin cos tan (DPC)
) (c:/Users/vlad7/AppData/Roaming/TinyTeX/texmf-dist/tex/latex/graphics-cfg/graphics.cfg
File: graphics.cfg 2016/06/04 v1.11 sample graphics configuration
)
Package graphics Info: Driver file: pdftex.def on input line 106.
)
\Gin@req@height=\dimen187
\Gin@req@width=\dimen188
)
\pandoc@box=\box63
(c:/Users/vlad7/AppData/Roaming/TinyTeX/texmf-dist/tex/latex/placeins/placeins.sty
Package: placeins 2005/04/18  v 2.2
) (c:/Users/vlad7/AppData/Roaming/TinyTeX/texmf-dist/tex/latex/float/float.sty
Package: float 2001/11/08 v1.3d Float enhancements (AL)
\c@float@type=\count311
\float@exts=\toks28
\float@box=\box64
\@float@everytoks=\toks29
\@floatcapt=\box65
) (c:/Users/vlad7/AppData/Roaming/TinyTeX/texmf-dist/tex/latex/tabularray/tabularray.sty
Package: tabularray 2025-11-27 v2025C Typeset tabulars and arrays with LaTeX3
(c:/Users/vlad7/AppData/Roaming/TinyTeX/texmf-dist/tex/latex/ninecolors/ninecolors.sty
Package: ninecolors 2022-02-13 v2022D Select colors with proper color contrast
(c:/Users/vlad7/AppData/Roaming/TinyTeX/texmf-dist/tex/latex/l3packages/xparse/xparse.sty (c:/Users/vlad7/AppData/Roaming/TinyTeX/texmf-dist/tex/latex/l3kernel/expl3.sty
Package: expl3 2026-03-20 L3 programming layer (loader) 
(c:/Users/vlad7/AppData/Roaming/TinyTeX/texmf-dist/tex/latex/l3backend/l3backend-pdftex.def
File: l3backend-pdftex.def 2026-02-18 L3 backend support: PDF output (pdfTeX)
\l__color_backend_stack_int=\count312
))
Package: xparse 2025-10-09 L3 Experimental document command parser
))
\g__tblr_nohyper_int=\count313
\l__tblr_a_int=\count314
\l__tblr_c_int=\count315
\l__tblr_r_int=\count316
\l__tblr_d_dim=\dimen189
\l__tblr_h_dim=\dimen190
\l__tblr_o_dim=\dimen191
\l__tblr_p_dim=\dimen192
\l__tblr_q_dim=\dimen193
\l__tblr_r_dim=\dimen194
\l__tblr_s_dim=\dimen195
\l__tblr_t_dim=\dimen196
\l__tblr_v_dim=\dimen197
\l__tblr_w_dim=\dimen198
\l__tblr_a_box=\box66
\l__tblr_b_box=\box67
\l__tblr_c_box=\box68
\l__tblr_d_box=\box69
\c@tblrcount=\count317
\c@rownum=\count318
\c@colnum=\count319
\c@rowcount=\count320
\c@colcount=\count321
\abovesep=\dimen199
\belowsep=\dimen256
\leftsep=\dimen257
\rightsep=\dimen258
\gTblrLevelInt=\count322
\g__tblr_data_row_key_count_int=\count323
\g__tblr_data_column_key_count_int=\count324
\g__tblr_data_cell_key_count_int=\count325
\g__tblr_array_int=\count326
\l__tblr_key_count_int=\count327
\l__tblr_key_quotient_int=\count328
\l__tblr_key_quotient_two_int=\count329
\l__tblr_key_remainder_int=\count330
\g__tblr_data_str_value_count_int=\count331
\lTblrChildTotalInt=\count332
\lTblrChildHtotalInt=\count333
\lTblrChildVtotalInt=\count334
\l__child_diff_h_int=\count335
\l__child_diff_v_int=\count336
\l__child_sign_h_int=\count337
\l__child_sign_v_int=\count338
\l__child_step_int=\count339
\lTblrDefaultHruleWidthDim=\dimen259
\lTblrDefaultVruleWidthDim=\dimen260
\l__tblr_split_balance_int=\count340
\l__tblr_strut_dp_dim=\dimen261
\l__tblr_strut_ht_dim=\dimen262
\g__tblr_cell_wd_dim=\dimen263
\g__tblr_cell_ht_dim=\dimen264
\g__tblr_cell_head_dim=\dimen265
\g__tblr_cell_foot_dim=\dimen266
\l__tblr_measured_cell_box=\box70
\g__tblr_last_box=\box71
\l__tblr_temp_box=\box72
\l__tblr_column_target_dim=\dimen267
\l__tblr_hfuzz_dim=\dimen268
\l__tblr_caption_box=\box73
\l__tblr_caption_left_box=\box74
\lTblrRowHeadInt=\count341
\lTblrRowFootInt=\count342
\l__tblr_row_head_box=\box75
\l__tblr_row_foot_box=\box76
\l__tblr_row_head_foot_dim=\dimen269
\lTblrTableWidthDim=\dimen270
\l__tblr_table_firsthead_box=\box77
\l__tblr_table_middlehead_box=\box78
\l__tblr_table_lasthead_box=\box79
\l__tblr_table_firstfoot_box=\box80
\l__tblr_table_middlefoot_box=\box81
\l__tblr_table_lastfoot_box=\box82
\l__tblr_remain_height_dim=\dimen271
\l__tblr_next_rows_dim=\dimen272
\l__tblr_page_overfill_dim=\dimen273
\l__tblr_long_from_int=\count343
\l__tblr_long_to_int=\count344
\l__tblr_curr_i_int=\count345
\l__tblr_prev_i_int=\count346
\lTblrTablePageInt=\count347
\l__tblr_table_head_box=\box83
\l__tblr_table_foot_box=\box84
\l__tblr_table_head_foot_dim=\dimen274
\l__tblr_table_head_body_foot_dim=\dimen275
\l__tblr_table_box=\box85
\lTblrRowFirstInt=\count348
\lTblrRowLastInt=\count349
\l__tblr_cover_box_a_dim=\dimen276
\l__tblr_cover_box_b_dim=\dimen277
\l__tblr_table_hlines_box=\box86
\l__tblr_hline_box=\box87
\l__tblr_row_box=\box88
\l__tblr_col_o_wd_dim=\dimen278
\l__tblr_col_b_wd_dim=\dimen279
\l__tblr_hline_leftskip_dim=\dimen280
\l__tblr_hline_rightskip_dim=\dimen281
\l__tblr_row_ht_dim=\dimen282
\l__tblr_row_dp_dim=\dimen283
\l__tblr_row_abovesep_dim=\dimen284
\l__tblr_row_belowsep_dim=\dimen285
\l__tblr_row_vlines_box=\box89
\l__tblr_vline_box=\box90
\l__tblr_cell_box=\box91
\l__tblr_row_upper_dim=\dimen286
\l__tblr_row_lower_dim=\dimen287
\l__tblr_row_vpace_dim=\dimen288
\l__tblr_vline_aboveskip_dim=\dimen289
\l__tblr_vline_belowskip_dim=\dimen290
\lTblrCellRowSpanInt=\count350
\lTblrCellColSpanInt=\count351
\l__tblr_cell_wd_dim=\dimen291
\l__tblr_cell_ht_dim=\dimen292
\lTblrCellAboveBorderWidthDim=\dimen293
\lTblrCellBelowBorderWidthDim=\dimen294
\lTblrCellLeftBorderWidthDim=\dimen295
\lTblrCellRightBorderWidthDim=\dimen296
\l__tblr_diag_box=\box92
\l__tblr_cell_inner_wd_dim=\dimen297
\l__tblr_cell_inner_dp_dim=\dimen298
\l__tblr_cell_hanchor_dim=\dimen299
\l__tblr_last_cell_table_ht_dim=\dimen300
\l__tblr_last_cell_table_dp_dim=\dimen301
\l__tblr_last_vline_wd_dim=\dimen302
\l__tblr_tikz_node_box=\box93
) (c:/Users/vlad7/AppData/Roaming/TinyTeX/texmf-dist/tex/generic/ulem/ulem.sty
\UL@box=\box94
\UL@hyphenbox=\box95
\UL@skip=\skip63
\UL@hook=\toks30
\UL@height=\dimen303
\UL@pe=\count352
\UL@pixel=\dimen304
\ULC@box=\box96
Package: ulem 2019/11/18
\ULdepth=\dimen305
) (c:/Users/vlad7/AppData/Roaming/TinyTeX/texmf-dist/tex/latex/graphics/rotating.sty
Package: rotating 2025/01/14 v2.16e rotated objects in LaTeX
(c:/Users/vlad7/AppData/Roaming/TinyTeX/texmf-dist/tex/latex/base/ifthen.sty
Package: ifthen 2024/03/16 v1.1e Standard LaTeX ifthen package (DPC)
)
\c@r@tfl@t=\count353
\rotFPtop=\skip64
\rotFPbot=\skip65
\rot@float@box=\box97
\rot@mess@toks=\toks31
) (c:/Users/vlad7/AppData/Roaming/TinyTeX/texmf-dist/tex/latex/siunitx/siunitx.sty
Package: siunitx 2026-04-09 v3.5.3 A comprehensive (SI) units package
\l__siunitx_number_uncert_offset_int=\count354
\l__siunitx_number_exponent_fixed_int=\count355
\l__siunitx_number_min_decimal_int=\count356
\l__siunitx_number_min_integer_int=\count357
\l__siunitx_number_round_precision_int=\count358
\l__siunitx_number_lower_threshold_int=\count359
\l__siunitx_number_upper_threshold_int=\count360
\l__siunitx_number_group_first_int=\count361
\l__siunitx_number_group_size_int=\count362
\l__siunitx_number_group_min_int=\count363
\l__siunitx_number_group_minimum_int=\count364
\l__siunitx_compound_count_int=\count365
\l__siunitx_table_tmp_box=\box98
\l__siunitx_table_tmp_dim=\dimen306
\l__siunitx_table_column_width_dim=\dimen307
\l__siunitx_table_integer_box=\box99
\l__siunitx_table_decimal_box=\box100
\l__siunitx_table_uncert_box=\box101
\l__siunitx_table_before_box=\box102
\l__siunitx_table_after_box=\box103
\l__siunitx_table_before_dim=\dimen308
\l__siunitx_table_carry_dim=\dimen309
\l__siunitx_unit_tmp_int=\count366
\l__siunitx_unit_position_int=\count367
\l__siunitx_unit_total_int=\count368
\l__siunitx_sexagesimal_tmp_dim=\dimen310
\l__siunitx_sexagesimal_marker_box=\box104
\l__siunitx_sexagesimal_unit_box=\box105
) (c:/Users/vlad7/AppData/Roaming/TinyTeX/texmf-dist/tex/latex/bookmark/bookmark.sty
Package: bookmark 2023-12-10 v1.31 PDF bookmarks (HO)
(c:/Users/vlad7/AppData/Roaming/TinyTeX/texmf-dist/tex/latex/hyperref/hyperref.sty
Package: hyperref 2026-01-29 v7.01p Hypertext links for LaTeX
(c:/Users/vlad7/AppData/Roaming/TinyTeX/texmf-dist/tex/latex/kvsetkeys/kvsetkeys.sty
Package: kvsetkeys 2022-10-05 v1.19 Key value parser (HO)
) (c:/Users/vlad7/AppData/Roaming/TinyTeX/texmf-dist/tex/generic/kvdefinekeys/kvdefinekeys.sty
Package: kvdefinekeys 2019-12-19 v1.6 Define keys (HO)
) (c:/Users/vlad7/AppData/Roaming/TinyTeX/texmf-dist/tex/generic/pdfescape/pdfescape.sty
Package: pdfescape 2019/12/09 v1.15 Implements pdfTeX's escape features (HO)
(c:/Users/vlad7/AppData/Roaming/TinyTeX/texmf-dist/tex/generic/ltxcmds/ltxcmds.sty
Package: ltxcmds 2023-12-04 v1.26 LaTeX kernel commands for general use (HO)
) (c:/Users/vlad7/AppData/Roaming/TinyTeX/texmf-dist/tex/generic/pdftexcmds/pdftexcmds.sty
Package: pdftexcmds 2020-06-27 v0.33 Utility functions of pdfTeX for LuaTeX (HO)
(c:/Users/vlad7/AppData/Roaming/TinyTeX/texmf-dist/tex/generic/infwarerr/infwarerr.sty
Package: infwarerr 2019/12/03 v1.5 Providing info/warning/error messages (HO)
)
Package pdftexcmds Info: \pdf@primitive is available.
Package pdftexcmds Info: \pdf@ifprimitive is available.
Package pdftexcmds Info: \pdfdraftmode found.
)) (c:/Users/vlad7/AppData/Roaming/TinyTeX/texmf-dist/tex/latex/hycolor/hycolor.sty
Package: hycolor 2020-01-27 v1.10 Color options for hyperref/bookmark (HO)
) (c:/Users/vlad7/AppData/Roaming/TinyTeX/texmf-dist/tex/latex/hyperref/nameref.sty
Package: nameref 2026-01-29 v2.58 Cross-referencing by name of section
(c:/Users/vlad7/AppData/Roaming/TinyTeX/texmf-dist/tex/latex/refcount/refcount.sty
Package: refcount 2019/12/15 v3.6 Data extraction from label references (HO)
) (c:/Users/vlad7/AppData/Roaming/TinyTeX/texmf-dist/tex/generic/gettitlestring/gettitlestring.sty
Package: gettitlestring 2019/12/15 v1.6 Cleanup title references (HO)
(c:/Users/vlad7/AppData/Roaming/TinyTeX/texmf-dist/tex/latex/kvoptions/kvoptions.sty
Package: kvoptions 2022-06-15 v3.15 Key value format for package options (HO)
))
\c@section@level=\count369
) (c:/Users/vlad7/AppData/Roaming/TinyTeX/texmf-dist/tex/generic/stringenc/stringenc.sty
Package: stringenc 2019/11/29 v1.12 Convert strings between diff. encodings (HO)
)
\@linkdim=\dimen311
\Hy@linkcounter=\count370
\Hy@pagecounter=\count371
(c:/Users/vlad7/AppData/Roaming/TinyTeX/texmf-dist/tex/latex/hyperref/pd1enc.def
File: pd1enc.def 2026-01-29 v7.01p Hyperref: PDFDocEncoding definition (HO)
Now handling font encoding PD1 ...
... no UTF-8 mapping file for font encoding PD1
) (c:/Users/vlad7/AppData/Roaming/TinyTeX/texmf-dist/tex/generic/intcalc/intcalc.sty
Package: intcalc 2019/12/15 v1.3 Expandable calculations with integers (HO)
)
\Hy@SavedSpaceFactor=\count372
(c:/Users/vlad7/AppData/Roaming/TinyTeX/texmf-dist/tex/latex/hyperref/puenc.def
File: puenc.def 2026-01-29 v7.01p Hyperref: PDF Unicode definition (HO)
Now handling font encoding PU ...
... no UTF-8 mapping file for font encoding PU
)
Package hyperref Info: Option `unicode' set `true' on input line 4072.
Package hyperref Info: Hyper figures OFF on input line 4201.
Package hyperref Info: Link nesting OFF on input line 4206.
Package hyperref Info: Hyper index ON on input line 4209.
Package hyperref Info: Plain pages OFF on input line 4216.
Package hyperref Info: Backreferencing OFF on input line 4221.
Package hyperref Info: Implicit mode ON; LaTeX internals redefined.
Package hyperref Info: Bookmarks ON on input line 4468.
\c@Hy@tempcnt=\count373
(c:/Users/vlad7/AppData/Roaming/TinyTeX/texmf-dist/tex/latex/url/url.sty
\Urlmuskip=\muskip18
Package: url 2013/09/16  ver 3.4  Verb mode for urls, etc.
)
LaTeX Info: Redefining \url on input line 4807.
\XeTeXLinkMargin=\dimen312
(c:/Users/vlad7/AppData/Roaming/TinyTeX/texmf-dist/tex/generic/bitset/bitset.sty
Package: bitset 2019/12/09 v1.3 Handle bit-vector datatype (HO)
(c:/Users/vlad7/AppData/Roaming/TinyTeX/texmf-dist/tex/generic/bigintcalc/bigintcalc.sty
Package: bigintcalc 2019/12/15 v1.5 Expandable calculations on big integers (HO)
))
\Fld@menulength=\count374
\Field@Width=\dimen313
\Fld@charsize=\dimen314
Package hyperref Info: Hyper figures OFF on input line 6084.
Package hyperref Info: Link nesting OFF on input line 6089.
Package hyperref Info: Hyper index ON on input line 6092.
Package hyperref Info: backreferencing OFF on input line 6099.
Package hyperref Info: Link coloring OFF on input line 6104.
Package hyperref Info: Link coloring with OCG OFF on input line 6109.
Package hyperref Info: PDF/A mode OFF on input line 6114.
\Hy@abspage=\count375
\c@Item=\count376
\c@Hfootnote=\count377
)
Package hyperref Info: Driver (autodetected): hpdftex.
(c:/Users/vlad7/AppData/Roaming/TinyTeX/texmf-dist/tex/latex/hyperref/hpdftex.def
File: hpdftex.def 2026-01-29 v7.01p Hyperref driver for pdfTeX
\Fld@listcount=\count378
\c@bookmark@seq@number=\count379
(c:/Users/vlad7/AppData/Roaming/TinyTeX/texmf-dist/tex/latex/rerunfilecheck/rerunfilecheck.sty
Package: rerunfilecheck 2025-06-21 v1.11 Rerun checks for auxiliary files (HO)
(c:/Users/vlad7/AppData/Roaming/TinyTeX/texmf-dist/tex/generic/uniquecounter/uniquecounter.sty
Package: uniquecounter 2019/12/15 v1.4 Provide unlimited unique counter (HO)
)
Package uniquecounter Info: New unique counter `rerunfilecheck' on input line 284.
)
\Hy@SectionHShift=\skip66
) (c:/Users/vlad7/AppData/Roaming/TinyTeX/texmf-dist/tex/latex/bookmark/bkm-pdftex.def
File: bkm-pdftex.def 2023-12-10 v1.31 bookmark driver for pdfTeX and luaTeX (HO)
\BKM@id=\count380
))
LaTeX Font Info:    Trying to load font information for T1+lmr on input line 99.
(c:/Users/vlad7/AppData/Roaming/TinyTeX/texmf-dist/tex/latex/lm/t1lmr.fd
File: t1lmr.fd 2015/05/01 v1.6.1 Font defs for Latin Modern
)

LaTeX Warning: Unused global option(s):
    [portait].

(./final_project.aux)
\openout1 = `final_project.aux'.

LaTeX Font Info:    Checking defaults for OML/cmm/m/it on input line 99.
LaTeX Font Info:    ... okay on input line 99.
LaTeX Font Info:    Checking defaults for OMS/cmsy/m/n on input line 99.
LaTeX Font Info:    ... okay on input line 99.
LaTeX Font Info:    Checking defaults for OT1/cmr/m/n on input line 99.
LaTeX Font Info:    ... okay on input line 99.
LaTeX Font Info:    Checking defaults for T1/cmr/m/n on input line 99.
LaTeX Font Info:    ... okay on input line 99.
LaTeX Font Info:    Checking defaults for TS1/cmr/m/n on input line 99.
LaTeX Font Info:    ... okay on input line 99.
LaTeX Font Info:    Checking defaults for OMX/cmex/m/n on input line 99.
LaTeX Font Info:    ... okay on input line 99.
LaTeX Font Info:    Checking defaults for U/cmr/m/n on input line 99.
LaTeX Font Info:    ... okay on input line 99.
LaTeX Font Info:    Checking defaults for PD1/pdf/m/n on input line 99.
LaTeX Font Info:    ... okay on input line 99.
LaTeX Font Info:    Checking defaults for PU/pdf/m/n on input line 99.
LaTeX Font Info:    ... okay on input line 99.
(c:/Users/vlad7/AppData/Roaming/TinyTeX/texmf-dist/tex/latex/epstopdf-pkg/epstopdf-base.sty
Package: epstopdf-base 2020-01-24 v2.11 Base part for package epstopdf
Package epstopdf-base Info: Redefining graphics rule for `.eps' on input line 485.
(c:/Users/vlad7/AppData/Roaming/TinyTeX/texmf-dist/tex/latex/latexconfig/epstopdf-sys.cfg
File: epstopdf-sys.cfg 2010/07/13 v1.3 Configuration of (r)epstopdf for TeX Live
))
*geometry* driver: auto-detecting
*geometry* detected driver: pdftex
*geometry* verbose mode - [ preamble ] result:
* driver: pdftex
* paper: <default>
* layout: <same size as paper>
* layoutoffset:(h,v)=(0.0pt,0.0pt)
* modes: 
* h-part:(L,W,R)=(72.26999pt, 469.75502pt, 72.26999pt)
* v-part:(T,H,B)=(72.26999pt, 650.43001pt, 72.26999pt)
* \paperwidth=614.295pt
* \paperheight=794.96999pt
* \textwidth=469.75502pt
* \textheight=650.43001pt
* \oddsidemargin=0.0pt
* \evensidemargin=0.0pt
* \topmargin=-37.0pt
* \headheight=12.0pt
* \headsep=25.0pt
* \topskip=11.0pt
* \footskip=30.0pt
* \marginparwidth=59.0pt
* \marginparsep=10.0pt
* \columnsep=10.0pt
* \skip\footins=10.0pt plus 4.0pt minus 2.0pt
* \hoffset=0.0pt
* \voffset=0.0pt
* \mag=1000
* \@twocolumnfalse
* \@twosidefalse
* \@mparswitchfalse
* \@reversemarginfalse
* (1in=72.27pt=25.4mm, 1cm=28.453pt)

Package hyperref Info: Link coloring OFF on input line 99.
LaTeX Font Info:    Trying to load font information for OT1+lmr on input line 101.
(c:/Users/vlad7/AppData/Roaming/TinyTeX/texmf-dist/tex/latex/lm/ot1lmr.fd
File: ot1lmr.fd 2015/05/01 v1.6.1 Font defs for Latin Modern
)
LaTeX Font Info:    Trying to load font information for OML+lmm on input line 101.
(c:/Users/vlad7/AppData/Roaming/TinyTeX/texmf-dist/tex/latex/lm/omllmm.fd
File: omllmm.fd 2015/05/01 v1.6.1 Font defs for Latin Modern
)
LaTeX Font Info:    Trying to load font information for OMS+lmsy on input line 101.
(c:/Users/vlad7/AppData/Roaming/TinyTeX/texmf-dist/tex/latex/lm/omslmsy.fd
File: omslmsy.fd 2015/05/01 v1.6.1 Font defs for Latin Modern
)
LaTeX Font Info:    Trying to load font information for OMX+lmex on input line 101.
(c:/Users/vlad7/AppData/Roaming/TinyTeX/texmf-dist/tex/latex/lm/omxlmex.fd
File: omxlmex.fd 2015/05/01 v1.6.1 Font defs for Latin Modern
)
LaTeX Font Info:    External font `lmex10' loaded for size
(Font)              <12> on input line 101.
LaTeX Font Info:    External font `lmex10' loaded for size
(Font)              <8> on input line 101.
LaTeX Font Info:    External font `lmex10' loaded for size
(Font)              <6> on input line 101.
LaTeX Font Info:    Trying to load font information for U+msa on input line 101.
(c:/Users/vlad7/AppData/Roaming/TinyTeX/texmf-dist/tex/latex/amsfonts/umsa.fd
File: umsa.fd 2013/01/14 v3.01 AMS symbols A
)
LaTeX Font Info:    Trying to load font information for U+msb on input line 101.
(c:/Users/vlad7/AppData/Roaming/TinyTeX/texmf-dist/tex/latex/amsfonts/umsb.fd
File: umsb.fd 2013/01/14 v3.01 AMS symbols B
) [1

{c:/Users/vlad7/AppData/Roaming/TinyTeX/texmf-var/fonts/map/pdftex/updmap/pdftex.map}{c:/Users/vlad7/AppData/Roaming/TinyTeX/texmf-dist/fonts/enc/dvips/lm/lm-ec.enc}]
<final_project_files/figure-latex/unnamed-chunk-3-1.pdf, id=17, 469.755pt x 216.81pt>
File: final_project_files/figure-latex/unnamed-chunk-3-1.pdf Graphic file (type pdf)
<use final_project_files/figure-latex/unnamed-chunk-3-1.pdf>
Package pdftex.def Info: final_project_files/figure-latex/unnamed-chunk-3-1.pdf  used on input line 167.
(pdftex.def)             Requested size: 469.75386pt x 216.80946pt.
LaTeX Font Info:    External font `lmex10' loaded for size
(Font)              <10.95> on input line 174.
<final_project_files/figure-latex/unnamed-chunk-8-1.pdf, id=18, 469.755pt x 216.81pt>
File: final_project_files/figure-latex/unnamed-chunk-8-1.pdf Graphic file (type pdf)
<use final_project_files/figure-latex/unnamed-chunk-8-1.pdf>
Package pdftex.def Info: final_project_files/figure-latex/unnamed-chunk-8-1.pdf  used on input line 197.
(pdftex.def)             Requested size: 469.75386pt x 216.80946pt.
[2{c:/Users/vlad7/AppData/Roaming/TinyTeX/texmf-dist/fonts/enc/dvips/lm/lm-rm.enc}{c:/Users/vlad7/AppData/Roaming/TinyTeX/texmf-dist/fonts/enc/dvips/lm/lm-mathit.enc}{c:/Users/vlad7/AppData/Roaming/TinyTeX/texmf-dist/fonts/enc/dvips/lm/lm-mathsy.enc} <./final_project_files/figure-latex/unnamed-chunk-3-1.pdf>] [3 <./final_project_files/figure-latex/unnamed-chunk-8-1.pdf>] [4]
<final_project_files/figure-latex/unnamed-chunk-13-1.pdf, id=67, 469.755pt x 201.75375pt>
File: final_project_files/figure-latex/unnamed-chunk-13-1.pdf Graphic file (type pdf)
<use final_project_files/figure-latex/unnamed-chunk-13-1.pdf>
Package pdftex.def Info: final_project_files/figure-latex/unnamed-chunk-13-1.pdf  used on input line 349.
(pdftex.def)             Requested size: 469.75386pt x 201.75325pt.
[5 <./final_project_files/figure-latex/unnamed-chunk-13-1.pdf>] (./final_project.aux)
 ***********
LaTeX2e <2025-11-01>
L3 programming layer <2026-03-20>
 ***********
 ) 
Here is how much of TeX's memory you used:
 17233 strings out of 469339
 344527 string characters out of 5464868
 744641 words of memory out of 5000000
 45837 multiletter control sequences out of 15000+600000
 672143 words of font info for 73 fonts, out of 8000000 for 9000
 14 hyphenation exceptions out of 8191
 89i,9n,93p,412b,1131s stack positions out of 10000i,1000n,20000p,200000b,200000s
<c:/Users/vlad7/AppData/Roaming/TinyTeX/texmf-dist/fonts/type1/public/lm/lmbx10.pfb><c:/Users/vlad7/AppData/Roaming/TinyTeX/texmf-dist/fonts/type1/public/lm/lmbx12.pfb><c:/Users/vlad7/AppData/Roaming/TinyTeX/texmf-dist/fonts/type1/public/lm/lmmi10.pfb><c:/Users/vlad7/AppData/Roaming/TinyTeX/texmf-dist/fonts/type1/public/lm/lmr10.pfb><c:/Users/vlad7/AppData/Roaming/TinyTeX/texmf-dist/fonts/type1/public/lm/lmr12.pfb><c:/Users/vlad7/AppData/Roaming/TinyTeX/texmf-dist/fonts/type1/public/lm/lmr17.pfb><c:/Users/vlad7/AppData/Roaming/TinyTeX/texmf-dist/fonts/type1/public/lm/lmsy10.pfb>
Output written on final_project.pdf (5 pages, 249468 bytes).
PDF statistics:
 163 PDF objects out of 1000 (max. 8388607)
 133 compressed objects within 2 object streams
 23 named destinations out of 1000 (max. 500000)
 104 words of extra memory for PDF output out of 10000 (max. 10000000)

